build/app/outputs/mapping/release/seeds.txt
com.example.news_flutter_app.MainActivity
com.example.news_flutter_app.MainActivity: MainActivity()
...
io.flutter.plugin.editing.ImeSyncDeferringInsetsCallback$AnimationCallback: ImeSyncDeferringInsetsCallback$AnimationCallback(io.flutter.plugin.editing.ImeSyncDeferringInsetsCallback)
androidx.window.layout.FoldingFeature$State: java.lang.String toString()
io.flutter.view.AccessibilityBridge$TextDirection: io.flutter.view.AccessibilityBridge$TextDirection[] values()
androidx.window.R$styleable: R$styleable()
io.flutter.embedding.engine.systemchannels.PlatformChannel$SystemUiMode: io.flutter.embedding.engine.systemchannels.PlatformChannel$SystemUiMode valueOf(java.lang.String)
kotlinx.coroutines.android.AndroidExceptionPreHandler: AndroidExceptionPreHandler()
io.flutter.plugin.editing.ImeSyncDeferringInsetsCallback: boolean access$302(io.flutter.plugin.editing.ImeSyncDeferringInsetsCallback,boolean)
androidx.window.layout.SidecarWindowBackend$Companion: void resetInstance()
androidx.window.embedding.SplitRule: int getMinSmallestWidth()
io.flutter.embedding.engine.FlutterJNI: void onRenderingStopped()
io.flutter.embedding.engine.FlutterJNI: void nativeRunBundleAndSnapshotFromLibrary(long,java.lang.String,java.lang.String,java.lang.String,android.content.res.AssetManager,java.util.List)
org.chromium.support_lib_boundary.WebSettingsBoundaryInterface: void setEnterpriseAuthenticationAppLinkPolicyEnabled(boolean)
androidx.window.embedding.EmbeddingBackend: void registerSplitListenerForActivity(android.app.Activity,java.util.concurrent.Executor,androidx.core.util.Consumer)
androidx.window.layout.WindowInfoTracker$-CC: void overrideDecorator(androidx.window.layout.WindowInfoTrackerDecorator)
androidx.window.core.Version: int getMinor()
org.chromium.support_lib_boundary.WebSettingsBoundaryInterface: int getDisabledActionModeMenuItems()
androidx.core.view.WindowInsetsCompat$Impl: boolean equals(java.lang.Object)
io.flutter.embedding.engine.FlutterJNI: io.flutter.embedding.engine.FlutterJNI nativeSpawn(long,java.lang.String,java.lang.String,java.lang.String,java.util.List)
androidx.window.layout.SidecarCompat: androidx.window.layout.WindowLayoutInfo getWindowLayoutInfo(android.app.Activity)
kotlin.jvm.internal.ReflectionFactory: ReflectionFactory()
io.flutter.embedding.android.FlutterSurfaceView: io.flutter.embedding.engine.renderer.FlutterRenderer getAttachedRenderer()
androidx.window.embedding.SplitPairFilter: SplitPairFilter(android.content.ComponentName,android.content.ComponentName,java.lang.String)
androidx.lifecycle.Lifecycle$Event: androidx.lifecycle.Lifecycle$Event valueOf(java.lang.String)
androidx.webkit.internal.ApiHelperForO: android.webkit.WebChromeClient getWebChromeClient(android.webkit.WebView)
androidx.window.embedding.SplitRuleParser: java.util.Set parseSplitRules$window_release(android.content.Context,int)
androidx.window.embedding.ActivityStack: ActivityStack(java.util.List,boolean)
org.chromium.support_lib_boundary.ProxyControllerBoundaryInterface: void setProxyOverride(java.lang.String[][],java.lang.String[],java.lang.Runnable,java.util.concurrent.Executor)
org.chromium.support_lib_boundary.WebkitToCompatConverterBoundaryInterface: java.lang.reflect.InvocationHandler convertWebMessagePort(java.lang.Object)
io.flutter.embedding.engine.FlutterJNI: java.lang.String getVMServiceUri()
androidx.core.view.WindowInsetsCompat$Impl: void setRootWindowInsets(androidx.core.view.WindowInsetsCompat)
io.flutter.embedding.engine.FlutterJNI: void nativeLoadDartDeferredLibrary(long,int,java.lang.String[])
io.flutter.view.AccessibilityViewEmbedder: java.lang.Integer getRecordFlutterId(android.view.View,android.view.accessibility.AccessibilityRecord)
androidx.window.embedding.EmbeddingAdapter: java.util.function.Predicate translateIntentPredicates(java.util.Set)
io.flutter.plugins.GeneratedPluginRegistrant: GeneratedPluginRegistrant()
androidx.window.layout.SidecarCompat$FirstAttachAdapter: SidecarCompat$FirstAttachAdapter(androidx.window.layout.SidecarCompat,android.app.Activity)