build/app/outputs/mapping/release/mapping.txt
# compiler: R8
# compiler_version: 3.3.70
# min_api: 19
# common_typos_disable
# {"id":"com.android.tools.r8.mapping","version":"2.0"}
# pg_map_id: 2c40b5f
# pg_map_hash: SHA-256 2c40b5fc1ebf2a9973e1a6dab6f7229049d7233658a5f7c4fe5b0252323b7e92
...
io.flutter.view.AccessibilityBridge$$ExternalSyntheticApiModelOutline3 -> io.flutter.view.d:
# {"id":"sourceFile","fileName":"R8$$SyntheticClass"}
# {"id":"com.android.tools.r8.synthesized"}
    void io.flutter.view.AccessibilityBridge$$InternalSyntheticApiModelOutline$1$cb6fc7fa606cdd24faccdeb3ee16ec3c57878be3ea147301bfb824e341182070$4.m(android.view.accessibility.AccessibilityNodeInfo,java.lang.CharSequence) -> a
      # {"id":"com.android.tools.r8.synthesized"}
io.flutter.view.AccessibilityBridge$$ExternalSyntheticApiModelOutline4 -> io.flutter.view.e:
# {"id":"sourceFile","fileName":"R8$$SyntheticClass"}
# {"id":"com.android.tools.r8.synthesized"}
    void io.flutter.view.AccessibilityBridge$$InternalSyntheticApiModelOutline$1$cb6fc7fa606cdd24faccdeb3ee16ec3c57878be3ea147301bfb824e341182070$5.m(android.view.accessibility.AccessibilityNodeInfo,java.lang.CharSequence) -> a
      # {"id":"com.android.tools.r8.synthesized"}
io.flutter.view.AccessibilityBridge$$ExternalSyntheticApiModelOutline5 -> io.flutter.view.f:
# {"id":"sourceFile","fileName":"R8$$SyntheticClass"}
# {"id":"com.android.tools.r8.synthesized"}
    void io.flutter.view.AccessibilityBridge$$InternalSyntheticApiModelOutline$1$cb6fc7fa606cdd24faccdeb3ee16ec3c57878be3ea147301bfb824e341182070$6.m(android.view.accessibility.AccessibilityNodeInfo,boolean) -> a
      # {"id":"com.android.tools.r8.synthesized"}
io.flutter.view.AccessibilityBridge$$ExternalSyntheticApiModelOutline6 -> io.flutter.view.g:
# {"id":"sourceFile","fileName":"R8$$SyntheticClass"}
# {"id":"com.android.tools.r8.synthesized"}
    void io.flutter.view.AccessibilityBridge$$InternalSyntheticApiModelOutline$2$55564eb321b33ff5930e54c9297f28898a6bb281bf60848001096cf5a3b01a74$0.m(android.view.View,java.lang.CharSequence) -> a
      # {"id":"com.android.tools.r8.synthesized"}
io.flutter.view.AccessibilityBridge$$ExternalSyntheticLambda7 -> io.flutter.view.h:
# {"id":"sourceFile","fileName":"R8$$SyntheticClass"}
# {"id":"com.android.tools.r8.synthesized"}
    io.flutter.view.AccessibilityBridge$SemanticsNode io.flutter.view.AccessibilityBridge$$InternalSyntheticLambda$2$ab86a6a690ec9dc6f1378ff23b45b494234a02a0fc2e0e7fff7a6cc803388d3e$0.f$0 -> a
    void io.flutter.view.AccessibilityBridge$$InternalSyntheticLambda$2$ab86a6a690ec9dc6f1378ff23b45b494234a02a0fc2e0e7fff7a6cc803388d3e$0.<init>(io.flutter.view.AccessibilityBridge$SemanticsNode) -> <init>
      # {"id":"com.android.tools.r8.synthesized"}
    boolean io.flutter.view.AccessibilityBridge$$InternalSyntheticLambda$2$ab86a6a690ec9dc6f1378ff23b45b494234a02a0fc2e0e7fff7a6cc803388d3e$0.test(java.lang.Object) -> test
      # {"id":"com.android.tools.r8.synthesized"}
io.flutter.view.AccessibilityBridge$$ExternalSyntheticLambda8 -> io.flutter.view.i:
# {"id":"sourceFile","fileName":"R8$$SyntheticClass"}
# {"id":"com.android.tools.r8.synthesized"}
    void io.flutter.view.AccessibilityBridge$$InternalSyntheticLambda$2$ab86a6a690ec9dc6f1378ff23b45b494234a02a0fc2e0e7fff7a6cc803388d3e$1.<init>() -> <init>
      # {"id":"com.android.tools.r8.synthesized"}
    boolean io.flutter.view.AccessibilityBridge$$InternalSyntheticLambda$2$ab86a6a690ec9dc6f1378ff23b45b494234a02a0fc2e0e7fff7a6cc803388d3e$1.test(java.lang.Object) -> test
      # {"id":"com.android.tools.r8.synthesized"}
io.flutter.view.AccessibilityBridge$1 -> io.flutter.view.j$a:
    io.flutter.view.AccessibilityBridge this$0 -> a
    void announce(java.lang.String) -> a
    void updateSemantics(java.nio.ByteBuffer,java.lang.String[],java.nio.ByteBuffer[]) -> b
    void updateCustomAccessibilityActions(java.nio.ByteBuffer,java.lang.String[]) -> c
    void onTooltip(java.lang.String) -> d
    void onFocus(int) -> e
    void onLongPress(int) -> f
    void onTap(int) -> g
io.flutter.view.AccessibilityBridge$2 -> io.flutter.view.j$b:
    io.flutter.view.AccessibilityBridge this$0 -> a
io.flutter.view.AccessibilityBridge$3 -> io.flutter.view.j$c:
    io.flutter.view.AccessibilityBridge this$0 -> a