build/app/outputs/mapping/release/usage.txt
com.example.news_flutter_app.BuildConfig
com.example.news_flutter_app.R$attr
com.example.news_flutter_app.R$color
com.example.news_flutter_app.R$dimen
com.example.news_flutter_app.R$drawable
com.example.news_flutter_app.R$id
com.example.news_flutter_app.R$integer
com.example.news_flutter_app.R$layout
com.example.news_flutter_app.R$mipmap
com.example.news_flutter_app.R$string
com.example.news_flutter_app.R$style
com.example.news_flutter_app.R$styleable
com.example.news_flutter_app.R
...
androidx.savedstate.Recreator:
    private void reflectiveNew(java.lang.String)
androidx.savedstate.SavedStateRegistry$1:
    final synthetic androidx.savedstate.SavedStateRegistry this$0
androidx.savedstate.SavedStateRegistry$AutoRecreated
androidx.savedstate.SavedStateRegistry:
    boolean mAllowingSavingState
    public android.os.Bundle consumeRestoredStateForKey(java.lang.String)
androidx.webkit.TracingConfig:
    public java.util.List getCustomIncludedCategories()
    public int getPredefinedCategories()
    public int getTracingMode()
androidx.webkit.WebMessagePortCompat$WebMessageCallbackCompat:
    public abstract void onMessage(androidx.webkit.WebMessagePortCompat,androidx.webkit.WebMessageCompat)
androidx.webkit.internal.ApiHelperForM$1:
    final synthetic androidx.webkit.WebMessagePortCompat$WebMessageCallbackCompat val$callback
androidx.webkit.internal.ApiHelperForM$2:
    final synthetic androidx.webkit.WebMessagePortCompat$WebMessageCallbackCompat val$callback
androidx.webkit.internal.StartupApiFeature:
    static final synthetic boolean $assertionsDisabled
io.flutter.Log:
    public static int ASSERT
    public static int DEBUG
    public static int ERROR
    public static int INFO
    public static int VERBOSE
    public static int WARN
    private static int logLevel
io.flutter.embedding.engine.FlutterEngineConnectionRegistry$FlutterEngineBroadcastReceiverPluginBinding
io.flutter.embedding.engine.FlutterEngineConnectionRegistry$FlutterEngineContentProviderPluginBinding
io.flutter.embedding.engine.FlutterEngineConnectionRegistry$FlutterEngineServicePluginBinding
io.flutter.embedding.engine.FlutterEngineConnectionRegistry:
    private io.flutter.embedding.engine.FlutterEngineConnectionRegistry$FlutterEngineBroadcastReceiverPluginBinding broadcastReceiverPluginBinding
    private io.flutter.embedding.engine.FlutterEngineConnectionRegistry$FlutterEngineContentProviderPluginBinding contentProviderPluginBinding
    private io.flutter.embedding.engine.FlutterEngineConnectionRegistry$FlutterEngineServicePluginBinding servicePluginBinding
io.flutter.embedding.engine.loader.ResourceExtractor:
    void waitForCompletion()
io.flutter.embedding.engine.systemchannels.PlatformChannel$PlatformMessageHandler$-CC
io.flutter.plugin.common.BinaryMessenger$-CC
io.flutter.plugin.platform.PlatformPlugin$PlatformPluginDelegate$-CC
io.flutter.plugin.platform.VirtualDisplayController:
    private static java.lang.String TAG
io.flutter.view.TextureRegistry$SurfaceTextureEntry$-CC
io.flutter.view.VsyncWaiter:
    public static io.flutter.view.VsyncWaiter getInstance(float,io.flutter.embedding.engine.FlutterJNI)
kotlin.collections.ArraysKt:
    public static synthetic bridge java.util.List sortedWith(java.lang.Object[],java.util.Comparator)
kotlin.collections.ArraysKt___ArraysJvmKt:
    public static final void sortWith(java.lang.Object[],java.util.Comparator)
kotlin.collections.ArraysKt___ArraysKt:
    public static final java.lang.Object[] sortedArrayWith(java.lang.Object[],java.util.Comparator)
    public static java.util.List sortedWith(java.lang.Object[],java.util.Comparator)
kotlin.comparisons.ComparisonsKt
kotlin.comparisons.ComparisonsKt__ComparisonsKt
kotlin.comparisons.ComparisonsKt___ComparisonsJvmKt
kotlin.comparisons.ComparisonsKt___ComparisonsKt
kotlin.coroutines.jvm.internal.CoroutineStackFrame:
    public abstract java.lang.StackTraceElement getStackTraceElement()
kotlin.jvm.JvmClassMappingKt:
    public static final kotlin.reflect.KClass getKotlinClass(java.lang.Class)
kotlin.random.AbstractPlatformRandom:
    public int nextBits(int)
kotlin.random.Random$Default:
    public int nextBits(int)
kotlin.random.Random:
    public abstract int nextBits(int)
kotlin.random.RandomKt
kotlin.text.CharsKt